#
# There is insufficient memory for the Java Runtime Environment to continue.
# Native memory allocation (malloc) failed to allocate 65552 bytes for Chunk::new
# Possible reasons:
#   The system is out of physical RAM or swap space
#   The process is running with CompressedOops enabled, and the Java Heap may be blocking the growth of the native heap
# Possible solutions:
#   Reduce memory load on the system
#   Increase physical memory or swap space
#   Check if swap backing store is full
#   Decrease Java heap size (-Xmx/-Xms)
#   Decrease number of Java threads
#   Decrease Java thread stack sizes (-Xss)
#   Set larger code cache with -XX:ReservedCodeCacheSize=
#   JVM is running with Unscaled Compressed Oops mode in which the Java heap is
#     placed in the first 4GB address space. The Java Heap base address is the
#     maximum limit for the native heap growth. Please use -XX:HeapBaseMinAddress
#     to set the Java Heap base and to place the Java Heap above 4GB virtual address.
# This output file may be truncated or incomplete.
#
#  Out of Memory Error (allocation.cpp:389), pid=11532, tid=0x00000000000015f4
#
# JRE version: OpenJDK Runtime Environment (8.0_242-b01) (build 1.8.0_242-release-1644-b01)
# Java VM: OpenJDK 64-Bit Server VM (25.242-b01 mixed mode windows-amd64 compressed oops)
# Failed to write core dump. Minidumps are not enabled by default on client versions of Windows
#

---------------  T H R E A D  ---------------

Current thread (0x00000000194da000):  JavaThread "C2 CompilerThread1" daemon [_thread_in_native, id=5620, stack(0x0000000019bd0000,0x0000000019cd0000)]

Stack: [0x0000000019bd0000,0x0000000019cd0000]
[error occurred during error reporting (printing stack bounds), id 0xc0000005]

Native frames: (J=compiled Java code, j=interpreted, Vv=VM code, C=native code)


Current CompileTask:
C2:  80941 14045       4       com.android.tools.r8.u.b.Q0::a (376 bytes)


---------------  P R O C E S S  ---------------

Java Threads: ( => current thread )
  0x000000001fb8e000 JavaThread "Cache worker for Java compile cache (D:\Subjects\AndroidDocument\Lab_05\RecyclerView\.gradle\6.1.1\javaCompile)" [_thread_blocked, id=9664, stack(0x0000000026510000,0x0000000026610000)]
  0x000000001fb91000 JavaThread "Cache worker for Java compile cache (C:\Users\Rain\.gradle\caches\6.1.1\javaCompile)" [_thread_blocked, id=9920, stack(0x0000000001690000,0x0000000001790000)]
  0x000000001fb8f800 JavaThread "stdout" [_thread_in_native, id=2000, stack(0x0000000026d70000,0x0000000026e70000)]
  0x000000001fb8c800 JavaThread "stderr" [_thread_in_native, id=14936, stack(0x0000000026c70000,0x0000000026d70000)]
  0x000000001fb89800 JavaThread "stdout" [_thread_in_native, id=3172, stack(0x0000000026b70000,0x0000000026c70000)]
  0x000000001eb1c800 JavaThread "stderr" [_thread_in_native, id=13080, stack(0x0000000026a70000,0x0000000026b70000)]
  0x000000001eb19000 JavaThread "stdout" [_thread_in_native, id=2936, stack(0x0000000026970000,0x0000000026a70000)]
  0x000000001eb1d800 JavaThread "stderr" [_thread_in_native, id=4548, stack(0x0000000026870000,0x0000000026970000)]
  0x000000001eb1b000 JavaThread "stdout" [_thread_in_native, id=4044, stack(0x0000000026770000,0x0000000026870000)]
  0x000000001eb1c000 JavaThread "stderr" [_thread_in_native, id=11220, stack(0x0000000026670000,0x0000000026770000)]
  0x000000001eb1a800 JavaThread "pool-11-thread-1" [_thread_blocked, id=7036, stack(0x0000000026210000,0x0000000026310000)]
  0x000000001eb17800 JavaThread "WorkerExecutor Queue Thread 4" [_thread_blocked, id=14688, stack(0x0000000025ff0000,0x00000000260f0000)]
  0x000000001eb18000 JavaThread "WorkerExecutor Queue Thread 3" [_thread_blocked, id=3804, stack(0x0000000026110000,0x0000000026210000)]
  0x000000001eb16800 JavaThread "WorkerExecutor Queue Thread 2" [_thread_blocked, id=11788, stack(0x0000000025ef0000,0x0000000025ff0000)]
  0x000000001eb19800 JavaThread "WorkerExecutor Queue" [_thread_blocked, id=12904, stack(0x0000000025df0000,0x0000000025ef0000)]
  0x000000001bbed800 JavaThread "Cache worker for execution history cache (D:\Subjects\AndroidDocument\Lab_05\RecyclerView\.gradle\6.1.1\executionHistory)" [_thread_blocked, id=224, stack(0x00000000258f0000,0x00000000259f0000)]
  0x000000001bbe9800 JavaThread "Execution worker for ':' Thread 3" [_thread_in_native, id=5984, stack(0x00000000255f0000,0x00000000256f0000)]
  0x000000001bbe2000 JavaThread "Execution worker for ':' Thread 2" [_thread_in_Java, id=15432, stack(0x00000000254f0000,0x00000000255f0000)]
  0x000000001bbe7800 JavaThread "Execution worker for ':'" [_thread_in_native, id=6396, stack(0x0000000024f90000,0x0000000025090000)]
  0x000000001bbe6000 JavaThread "Cache worker for file content cache (D:\Subjects\AndroidDocument\Lab_05\RecyclerView\.gradle\6.1.1\fileContent)" [_thread_blocked, id=11668, stack(0x0000000024e90000,0x0000000024f90000)]
  0x000000001bbe3000 JavaThread "Cache worker for file content cache (C:\Users\Rain\.gradle\caches\6.1.1\fileContent)" [_thread_blocked, id=15444, stack(0x0000000024b80000,0x0000000024c80000)]
  0x000000001bbe5000 JavaThread "Memory manager" [_thread_blocked, id=8104, stack(0x00000000247d0000,0x00000000248d0000)]
  0x000000001bbe6800 JavaThread "Cache worker for Build Output Cleanup Cache (D:\Subjects\AndroidDocument\Lab_05\RecyclerView\.gradle\buildOutputCleanup)" [_thread_blocked, id=3652, stack(0x0000000023ed0000,0x0000000023fd0000)]
  0x000000001bbe8000 JavaThread "pool-1-thread-1" [_thread_blocked, id=1352, stack(0x0000000023bd0000,0x0000000023cd0000)]
  0x000000001bbe3800 JavaThread "Build operations Thread 4" [_thread_blocked, id=12612, stack(0x0000000022450000,0x0000000022550000)]
  0x000000001bbe0000 JavaThread "Build operations Thread 3" [_thread_blocked, id=2704, stack(0x0000000022350000,0x0000000022450000)]
  0x000000001bbde800 JavaThread "Build operations Thread 2" [_thread_blocked, id=15348, stack(0x0000000022250000,0x0000000022350000)]
  0x000000001bbdf000 JavaThread "Build operations" [_thread_blocked, id=8984, stack(0x0000000022150000,0x0000000022250000)]
  0x000000001abf3800 JavaThread "Cache worker for execution history cache (C:\Users\Rain\.gradle\caches\6.1.1\executionHistory)" [_thread_blocked, id=14572, stack(0x0000000021650000,0x0000000021750000)]
  0x000000001abf2800 JavaThread "Cache worker for cache directory md-rule (C:\Users\Rain\.gradle\caches\6.1.1\md-rule)" [_thread_blocked, id=5084, stack(0x0000000021550000,0x0000000021650000)]
  0x000000001abf2000 JavaThread "Cache worker for cache directory md-supplier (C:\Users\Rain\.gradle\caches\6.1.1\md-supplier)" [_thread_blocked, id=11280, stack(0x000000001ee10000,0x000000001ef10000)]
  0x000000001abf5000 JavaThread "Cache worker for file hash cache (D:\Subjects\AndroidDocument\Lab_05\RecyclerView\.gradle\6.1.1\fileHashes)" [_thread_blocked, id=7844, stack(0x000000001ed10000,0x000000001ee10000)]
  0x000000001abf1000 JavaThread "Cache worker for checksums cache (D:\Subjects\AndroidDocument\Lab_05\RecyclerView\.gradle\checksums)" [_thread_blocked, id=7068, stack(0x000000001ec10000,0x000000001ed10000)]
  0x000000001abee000 JavaThread "Cache worker for file hash cache (C:\Users\Rain\.gradle\caches\6.1.1\fileHashes)" [_thread_in_Java, id=15352, stack(0x000000001da40000,0x000000001db40000)]
  0x000000001abf0800 JavaThread "File lock request listener" [_thread_in_native, id=11848, stack(0x000000001d940000,0x000000001da40000)]
  0x000000001abf4000 JavaThread "Cache worker for journal cache (C:\Users\Rain\.gradle\caches\journal-1)" [_thread_blocked, id=4040, stack(0x000000001d840000,0x000000001d940000)]
  0x000000001a731800 JavaThread "Thread-9" [_thread_blocked, id=11520, stack(0x000000001d540000,0x000000001d640000)]
  0x000000001a730000 JavaThread "Asynchronous log dispatcher for DefaultDaemonConnection: socket connection from /127.0.0.1:1531 to /127.0.0.1:1532" [_thread_blocked, id=2268, stack(0x000000001d340000,0x000000001d440000)]
  0x0000000019879800 JavaThread "Daemon worker" [_thread_in_Java, id=856, stack(0x000000001d240000,0x000000001d340000)]
  0x000000001ace8800 JavaThread "Cancel handler" [_thread_blocked, id=13892, stack(0x000000001d140000,0x000000001d240000)]
  0x00000000196c8000 JavaThread "Handler for socket connection from /127.0.0.1:1531 to /127.0.0.1:1532" [_thread_in_native, id=10728, stack(0x000000001ce40000,0x000000001cf40000)]
  0x00000000196c2000 JavaThread "Daemon" [_thread_blocked, id=6232, stack(0x000000001cd40000,0x000000001ce40000)]
  0x000000001acc3800 JavaThread "Daemon periodic checks" [_thread_blocked, id=10376, stack(0x000000001cc40000,0x000000001cd40000)]
  0x000000001acec000 JavaThread "Incoming local TCP Connector on port 1531" [_thread_in_native, id=2888, stack(0x000000001ca90000,0x000000001cb90000)]
  0x00000000195d6000 JavaThread "Daemon health stats" [_thread_blocked, id=15776, stack(0x000000001c970000,0x000000001ca70000)]
  0x000000001951b000 JavaThread "Service Thread" daemon [_thread_blocked, id=15336, stack(0x0000000019dd0000,0x0000000019ed0000)]
  0x00000000194f3000 JavaThread "C1 CompilerThread2" daemon [_thread_blocked, id=1408, stack(0x0000000019cd0000,0x0000000019dd0000)]
=>0x00000000194da000 JavaThread "C2 CompilerThread1" daemon [_thread_in_native, id=5620, stack(0x0000000019bd0000,0x0000000019cd0000)]
  0x000000001813c800 JavaThread "C2 CompilerThread0" daemon [_thread_in_native, id=1760, stack(0x0000000019ad0000,0x0000000019bd0000)]
  0x00000000180f0800 JavaThread "Attach Listener" daemon [_thread_blocked, id=13964, stack(0x00000000199d0000,0x0000000019ad0000)]
  0x00000000194d8800 JavaThread "Signal Dispatcher" daemon [_thread_blocked, id=3684, stack(0x00000000198d0000,0x00000000199d0000)]
  0x000000000348d000 JavaThread "Finalizer" daemon [_thread_blocked, id=6764, stack(0x0000000019360000,0x0000000019460000)]
  0x00000000180c9800 JavaThread "Reference Handler" daemon [_thread_blocked, id=1732, stack(0x0000000019260000,0x0000000019360000)]
  0x0000000003392800 JavaThread "main" [_thread_blocked, id=1712, stack(0x0000000003290000,0x0000000003390000)]

Other Threads:
  0x00000000180a8000 VMThread [stack: 0x0000000019160000,0x0000000019260000] [id=2052]
  0x000000001951f800 WatcherThread [stack: 0x0000000019ed0000,0x0000000019fd0000] [id=5848]

VM state:not at safepoint (normal execution)

VM Mutex/Monitor currently owned by a thread: None

heap address: 0x0000000080000000, size: 2048 MB, Compressed Oops mode: 32-bit
Narrow klass base: 0x0000000000000000, Narrow klass shift: 3
Compressed class space size: 1073741824 Address: 0x0000000100000000

Heap:
 PSYoungGen      total 182784K, used 114523K [0x00000000d5580000, 0x00000000e4180000, 0x0000000100000000)
  eden space 155648K, 71% used [0x00000000d5580000,0x00000000dc26b868,0x00000000ded80000)
  from space 27136K, 11% used [0x00000000e2700000,0x00000000e29eb3b8,0x00000000e4180000)
  to   space 28160K, 0% used [0x00000000ded80000,0x00000000ded80000,0x00000000e0900000)
 ParOldGen       total 132608K, used 73464K [0x0000000080000000, 0x0000000088180000, 0x00000000d5580000)
  object space 132608K, 55% used [0x0000000080000000,0x00000000847be0d0,0x0000000088180000)
 Metaspace       used 85176K, capacity 89482K, committed 89560K, reserved 1126400K
  class space    used 11427K, capacity 12262K, committed 12288K, reserved 1048576K

Card table byte_map: [0x0000000012850000,0x0000000012c60000] byte_map_base: 0x0000000012450000

Marking Bits: (ParMarkBitMap*) 0x00000000525cf030
 Begin Bits: [0x0000000013310000, 0x0000000015310000)
 End Bits:   [0x0000000015310000, 0x0000000017310000)

Polling page: 0x0000000001310000

CodeCache: size=245760Kb used=43166Kb max_used=43166Kb free=202593Kb
 bounds [0x0000000003490000, 0x0000000005ee0000, 0x0000000012490000]
 total_blobs=13861 nmethods=12994 adapters=777
 compilation: enabled

Compilation events (10 events):
Event: 80.897 Thread 0x00000000194f3000 14929       2       com.android.tools.r8.B.a.a.h::<init> (71 bytes)
Event: 80.897 Thread 0x00000000194f3000 nmethod 14929 0x0000000005ecd210 code [0x0000000005ecd3a0, 0x0000000005ecd7d8]
Event: 80.897 Thread 0x00000000194f3000 14930       2       com.android.tools.r8.B.a.a.f::<init> (10 bytes)
Event: 80.897 Thread 0x00000000194f3000 nmethod 14930 0x0000000005ecda50 code [0x0000000005ecdbc0, 0x0000000005ecdd48]
Event: 80.897 Thread 0x00000000194f3000 14931       2       com.android.tools.r8.B.a.a.f::<init> (8 bytes)
Event: 80.897 Thread 0x00000000194f3000 nmethod 14931 0x0000000005ecde10 code [0x0000000005ecdf80, 0x0000000005ece0e8]
Event: 80.904 Thread 0x00000000194f3000 14932       2       com.android.tools.r8.ir.conversion.G::c (25 bytes)
Event: 80.904 Thread 0x00000000194f3000 nmethod 14932 0x0000000005ece190 code [0x0000000005ece320, 0x0000000005ece668]
Event: 80.904 Thread 0x00000000194f3000 14933       2       com.android.tools.r8.ir.conversion.G::b (25 bytes)
Event: 80.905 Thread 0x00000000194f3000 nmethod 14933 0x0000000005ecea90 code [0x0000000005ecec00, 0x0000000005ecee48]

GC Heap History (10 events):
Event: 58.690 GC heap before
{Heap before GC invocations=21 (full 3):
 PSYoungGen      total 133632K, used 133625K [0x00000000d5580000, 0x00000000e0680000, 0x0000000100000000)
  eden space 115200K, 100% used [0x00000000d5580000,0x00000000dc600000,0x00000000dc600000)
  from space 18432K, 99% used [0x00000000dc600000,0x00000000dd7fe570,0x00000000dd800000)
  to   space 22528K, 0% used [0x00000000df080000,0x00000000df080000,0x00000000e0680000)
 ParOldGen       total 132608K, used 36020K [0x0000000080000000, 0x0000000088180000, 0x00000000d5580000)
  object space 132608K, 27% used [0x0000000080000000,0x000000008232d140,0x0000000088180000)
 Metaspace       used 66775K, capacity 69776K, committed 69848K, reserved 1110016K
  class space    used 9055K, capacity 9675K, committed 9728K, reserved 1048576K
Event: 58.725 GC heap after
Heap after GC invocations=21 (full 3):
 PSYoungGen      total 154112K, used 22502K [0x00000000d5580000, 0x00000000e0e80000, 0x0000000100000000)
  eden space 131584K, 0% used [0x00000000d5580000,0x00000000d5580000,0x00000000dd600000)
  from space 22528K, 99% used [0x00000000df080000,0x00000000e0679b90,0x00000000e0680000)
  to   space 27136K, 0% used [0x00000000dd600000,0x00000000dd600000,0x00000000df080000)
 ParOldGen       total 132608K, used 40079K [0x0000000080000000, 0x0000000088180000, 0x00000000d5580000)
  object space 132608K, 30% used [0x0000000080000000,0x0000000082723d88,0x0000000088180000)
 Metaspace       used 66775K, capacity 69776K, committed 69848K, reserved 1110016K
  class space    used 9055K, capacity 9675K, committed 9728K, reserved 1048576K
}
Event: 68.943 GC heap before
{Heap before GC invocations=22 (full 3):
 PSYoungGen      total 154112K, used 154086K [0x00000000d5580000, 0x00000000e0e80000, 0x0000000100000000)
  eden space 131584K, 100% used [0x00000000d5580000,0x00000000dd600000,0x00000000dd600000)
  from space 22528K, 99% used [0x00000000df080000,0x00000000e0679b90,0x00000000e0680000)
  to   space 27136K, 0% used [0x00000000dd600000,0x00000000dd600000,0x00000000df080000)
 ParOldGen       total 132608K, used 40079K [0x0000000080000000, 0x0000000088180000, 0x00000000d5580000)
  object space 132608K, 30% used [0x0000000080000000,0x0000000082723d88,0x0000000088180000)
 Metaspace       used 70191K, capacity 73252K, committed 73560K, reserved 1112064K
  class space    used 9445K, capacity 10043K, committed 10112K, reserved 1048576K
Event: 69.133 GC heap after
Heap after GC invocations=22 (full 3):
 PSYoungGen      total 158720K, used 12350K [0x00000000d5580000, 0x00000000e2200000, 0x0000000100000000)
  eden space 131584K, 0% used [0x00000000d5580000,0x00000000d5580000,0x00000000dd600000)
  from space 27136K, 45% used [0x00000000dd600000,0x00000000de20f868,0x00000000df080000)
  to   space 25600K, 0% used [0x00000000e0900000,0x00000000e0900000,0x00000000e2200000)
 ParOldGen       total 132608K, used 57716K [0x0000000080000000, 0x0000000088180000, 0x00000000d5580000)
  object space 132608K, 43% used [0x0000000080000000,0x000000008385d058,0x0000000088180000)
 Metaspace       used 70191K, capacity 73252K, committed 73560K, reserved 1112064K
  class space    used 9445K, capacity 10043K, committed 10112K, reserved 1048576K
}
Event: 74.880 GC heap before
{Heap before GC invocations=23 (full 3):
 PSYoungGen      total 158720K, used 143934K [0x00000000d5580000, 0x00000000e2200000, 0x0000000100000000)
  eden space 131584K, 100% used [0x00000000d5580000,0x00000000dd600000,0x00000000dd600000)
  from space 27136K, 45% used [0x00000000dd600000,0x00000000de20f868,0x00000000df080000)
  to   space 25600K, 0% used [0x00000000e0900000,0x00000000e0900000,0x00000000e2200000)
 ParOldGen       total 132608K, used 57716K [0x0000000080000000, 0x0000000088180000, 0x00000000d5580000)
  object space 132608K, 43% used [0x0000000080000000,0x000000008385d058,0x0000000088180000)
 Metaspace       used 81935K, capacity 85728K, committed 85848K, reserved 1124352K
  class space    used 11117K, capacity 11873K, committed 11904K, reserved 1048576K
Event: 74.930 GC heap after
Heap after GC invocations=23 (full 3):
 PSYoungGen      total 181248K, used 22249K [0x00000000d5580000, 0x00000000e2680000, 0x0000000100000000)
  eden space 155648K, 0% used [0x00000000d5580000,0x00000000d5580000,0x00000000ded80000)
  from space 25600K, 86% used [0x00000000e0900000,0x00000000e1eba428,0x00000000e2200000)
  to   space 28160K, 0% used [0x00000000ded80000,0x00000000ded80000,0x00000000e0900000)
 ParOldGen       total 132608K, used 62199K [0x0000000080000000, 0x0000000088180000, 0x00000000d5580000)
  object space 132608K, 46% used [0x0000000080000000,0x0000000083cbde68,0x0000000088180000)
 Metaspace       used 81935K, capacity 85728K, committed 85848K, reserved 1124352K
  class space    used 11117K, capacity 11873K, committed 11904K, reserved 1048576K
}
Event: 79.329 GC heap before
{Heap before GC invocations=24 (full 3):
 PSYoungGen      total 181248K, used 177897K [0x00000000d5580000, 0x00000000e2680000, 0x0000000100000000)
  eden space 155648K, 100% used [0x00000000d5580000,0x00000000ded80000,0x00000000ded80000)
  from space 25600K, 86% used [0x00000000e0900000,0x00000000e1eba428,0x00000000e2200000)
  to   space 28160K, 0% used [0x00000000ded80000,0x00000000ded80000,0x00000000e0900000)
 ParOldGen       total 132608K, used 62199K [0x0000000080000000, 0x0000000088180000, 0x00000000d5580000)
  object space 132608K, 46% used [0x0000000080000000,0x0000000083cbde68,0x0000000088180000)
 Metaspace       used 84526K, capacity 88646K, committed 88792K, reserved 1126400K
  class space    used 11366K, capacity 12166K, committed 12288K, reserved 1048576K
Event: 79.385 GC heap after
Heap after GC invocations=24 (full 3):
 PSYoungGen      total 183808K, used 10500K [0x00000000d5580000, 0x00000000e4180000, 0x0000000100000000)
  eden space 155648K, 0% used [0x00000000d5580000,0x00000000d5580000,0x00000000ded80000)
  from space 28160K, 37% used [0x00000000ded80000,0x00000000df7c1280,0x00000000e0900000)
  to   space 27136K, 0% used [0x00000000e2700000,0x00000000e2700000,0x00000000e4180000)
 ParOldGen       total 132608K, used 66155K [0x0000000080000000, 0x0000000088180000, 0x00000000d5580000)
  object space 132608K, 49% used [0x0000000080000000,0x000000008409ae20,0x0000000088180000)
 Metaspace       used 84526K, capacity 88646K, committed 88792K, reserved 1126400K
  class space    used 11366K, capacity 12166K, committed 12288K, reserved 1048576K
}
Event: 80.246 GC heap before
{Heap before GC invocations=25 (full 3):
 PSYoungGen      total 183808K, used 166148K [0x00000000d5580000, 0x00000000e4180000, 0x0000000100000000)
  eden space 155648K, 100% used [0x00000000d5580000,0x00000000ded80000,0x00000000ded80000)
  from space 28160K, 37% used [0x00000000ded80000,0x00000000df7c1280,0x00000000e0900000)
  to   space 27136K, 0% used [0x00000000e2700000,0x00000000e2700000,0x00000000e4180000)
 ParOldGen       total 132608K, used 66155K [0x0000000080000000, 0x0000000088180000, 0x00000000d5580000)
  object space 132608K, 49% used [0x0000000080000000,0x000000008409ae20,0x0000000088180000)
 Metaspace       used 84995K, capacity 89272K, committed 89560K, reserved 1126400K
  class space    used 11416K, capacity 12249K, committed 12288K, reserved 1048576K
Event: 80.284 GC heap after
Heap after GC invocations=25 (full 3):
 PSYoungGen      total 182784K, used 2988K [0x00000000d5580000, 0x00000000e4180000, 0x0000000100000000)
  eden space 155648K, 0% used [0x00000000d5580000,0x00000000d5580000,0x00000000ded80000)
  from space 27136K, 11% used [0x00000000e2700000,0x00000000e29eb3b8,0x00000000e4180000)
  to   space 28160K, 0% used [0x00000000ded80000,0x00000000ded80000,0x00000000e0900000)
 ParOldGen       total 132608K, used 73464K [0x0000000080000000, 0x0000000088180000, 0x00000000d5580000)
  object space 132608K, 55% used [0x0000000080000000,0x00000000847be0d0,0x0000000088180000)
 Metaspace       used 84995K, capacity 89272K, committed 89560K, reserved 1126400K
  class space    used 11416K, capacity 12249K, committed 12288K, reserved 1048576K
}

Deoptimization events (10 events):
Event: 80.634 Thread 0x000000001eb19800 Uncommon trap: reason=bimorphic action=maybe_recompile pc=0x000000000553ed68 method=java.io.ObjectOutputStream$BlockDataOutputStream.drain()V @ 36
Event: 80.634 Thread 0x000000001eb19800 Uncommon trap: reason=bimorphic action=maybe_recompile pc=0x0000000004eb1a0c method=java.io.ObjectOutputStream$BlockDataOutputStream.drain()V @ 36
Event: 80.634 Thread 0x000000001eb19800 Uncommon trap: reason=bimorphic action=maybe_recompile pc=0x000000000556bf48 method=java.io.ObjectOutputStream$BlockDataOutputStream.drain()V @ 36
Event: 80.634 Thread 0x000000001eb19800 Uncommon trap: reason=unstable_if action=reinterpret pc=0x0000000003a5df38 method=java.io.ObjectOutputStream$BlockDataOutputStream.writeBytes(Ljava/lang/String;)V @ 22
Event: 80.634 Thread 0x000000001eb19800 Uncommon trap: reason=bimorphic action=maybe_recompile pc=0x0000000003626adc method=java.io.ObjectOutputStream$BlockDataOutputStream.drain()V @ 36
Event: 80.637 Thread 0x000000001eb19800 Uncommon trap: reason=bimorphic action=maybe_recompile pc=0x0000000005595978 method=java.io.ObjectOutputStream$BlockDataOutputStream.drain()V @ 36
Event: 80.787 Thread 0x000000001bbe7800 Uncommon trap: reason=unstable_if action=reinterpret pc=0x00000000036f2794 method=com.android.tools.r8.ir.regalloc.h.a(ILcom/android/tools/r8/ir/regalloc/h$a;)Z @ 73
Event: 80.844 Thread 0x000000001bbe7800 Uncommon trap: reason=unstable_if action=reinterpret pc=0x0000000003eb19a4 method=java.util.HashMap.getNode(ILjava/lang/Object;)Ljava/util/HashMap$Node; @ 84
Event: 80.844 Thread 0x000000001bbe7800 Uncommon trap: reason=unstable_if action=reinterpret pc=0x0000000003e60f24 method=java.util.HashMap.putVal(ILjava/lang/Object;Ljava/lang/Object;ZZ)Ljava/lang/Object; @ 109
Event: 80.845 Thread 0x000000001bbe7800 Uncommon trap: reason=unstable_if action=reinterpret pc=0x00000000039b7138 method=java.util.HashMap.getNode(ILjava/lang/Object;)Ljava/util/HashMap$Node; @ 84

Classes redefined (0 events):
No events

Internal exceptions (10 events):
Event: 80.317 Thread 0x000000001bbe9800 Exception <a 'sun/nio/fs/WindowsException'> (0x00000000d5ccaab8) thrown at [C:\src\AOSP-openjdk-git\hotspot\src\share\vm\prims\jni.cpp, line 710]
Event: 80.379 Thread 0x000000001bbe7800 Exception <a 'sun/nio/fs/WindowsException'> (0x00000000d5623558) thrown at [C:\src\AOSP-openjdk-git\hotspot\src\share\vm\prims\jni.cpp, line 710]
Event: 80.400 Thread 0x000000001bbe7800 Exception <a 'sun/nio/fs/WindowsException'> (0x00000000d6c7ce08) thrown at [C:\src\AOSP-openjdk-git\hotspot\src\share\vm\prims\jni.cpp, line 710]
Event: 80.512 Thread 0x000000001bbe7800 Exception <a 'sun/nio/fs/WindowsException'> (0x00000000d773dc00) thrown at [C:\src\AOSP-openjdk-git\hotspot\src\share\vm\prims\jni.cpp, line 710]
Event: 80.624 Thread 0x000000001bbe9800 Exception <a 'sun/nio/fs/WindowsException'> (0x00000000d7f8da68) thrown at [C:\src\AOSP-openjdk-git\hotspot\src\share\vm\prims\jni.cpp, line 710]
Event: 80.672 Thread 0x000000001bbe7800 Exception <a 'sun/nio/fs/WindowsException'> (0x00000000d8291058) thrown at [C:\src\AOSP-openjdk-git\hotspot\src\share\vm\prims\jni.cpp, line 710]
Event: 80.687 Thread 0x000000001bbe7800 Exception <a 'sun/nio/fs/WindowsException'> (0x00000000d85d5618) thrown at [C:\src\AOSP-openjdk-git\hotspot\src\share\vm\prims\jni.cpp, line 710]
Event: 80.748 Thread 0x000000001bbe9800 Exception <a 'sun/nio/fs/WindowsException'> (0x00000000d88c5ca8) thrown at [C:\src\AOSP-openjdk-git\hotspot\src\share\vm\prims\jni.cpp, line 710]
Event: 80.818 Thread 0x000000001bbe2000 Exception <a 'sun/nio/fs/WindowsException'> (0x00000000d9883358) thrown at [C:\src\AOSP-openjdk-git\hotspot\src\share\vm\prims\jni.cpp, line 710]
Event: 80.837 Thread 0x000000001bbe2000 Exception <a 'sun/nio/fs/WindowsException'> (0x00000000d98ff1e0) thrown at [C:\src\AOSP-openjdk-git\hotspot\src\share\vm\prims\jni.cpp, line 710]

Events (10 events):
Event: 80.844 Thread 0x000000001bbe7800 DEOPT UNPACKING pc=0x00000000034d557b sp=0x0000000025089ce8 mode 2
Event: 80.845 Thread 0x000000001bbe7800 Uncommon trap: trap_request=0xffffff65 fr.pc=0x00000000039b7138
Event: 80.845 Thread 0x000000001bbe7800 DEOPT PACKING pc=0x00000000039b7138 sp=0x0000000025089d70
Event: 80.845 Thread 0x000000001bbe7800 DEOPT UNPACKING pc=0x00000000034d557b sp=0x0000000025089d00 mode 2
Event: 80.858 Thread 0x0000000019879800 DEOPT PACKING pc=0x0000000005969f0b sp=0x000000001d3377f0
Event: 80.858 Thread 0x0000000019879800 DEOPT UNPACKING pc=0x00000000034d75d0 sp=0x000000001d3378a8 mode 0
Event: 80.901 Executing VM operation: ForceSafepoint
Event: 80.903 Executing VM operation: ForceSafepoint done
Event: 80.903 Thread 0x000000001bbe7800 DEOPT PACKING pc=0x0000000005969f0b sp=0x0000000025089ba0
Event: 80.903 Thread 0x000000001bbe7800 DEOPT UNPACKING pc=0x00000000034d75d0 sp=0x0000000025089c58 mode 0


Dynamic libraries:
0x00007ff7eff80000 - 0x00007ff7effb1000 	D:\Program Files\Android\Android Studio\jre\bin\java.exe
0x00007ffb57ce0000 - 0x00007ffb57ed0000 	C:\WINDOWS\SYSTEM32\ntdll.dll
0x00007ffb57bb0000 - 0x00007ffb57c62000 	C:\WINDOWS\System32\KERNEL32.DLL
0x00007ffb55820000 - 0x00007ffb55ac5000 	C:\WINDOWS\System32\KERNELBASE.dll
0x00007ffb56d40000 - 0x00007ffb56de3000 	C:\WINDOWS\System32\ADVAPI32.dll
0x00007ffb57170000 - 0x00007ffb5720e000 	C:\WINDOWS\System32\msvcrt.dll
0x00007ffb568f0000 - 0x00007ffb56987000 	C:\WINDOWS\System32\sechost.dll
0x00007ffb55d90000 - 0x00007ffb55eb0000 	C:\WINDOWS\System32\RPCRT4.dll
0x00007ffb56b50000 - 0x00007ffb56ce5000 	C:\WINDOWS\System32\USER32.dll
0x00007ffb55d30000 - 0x00007ffb55d51000 	C:\WINDOWS\System32\win32u.dll
0x00007ffb57c70000 - 0x00007ffb57c96000 	C:\WINDOWS\System32\GDI32.dll
0x00007ffb54e50000 - 0x00007ffb54fe6000 	C:\WINDOWS\System32\gdi32full.dll
0x00007ffb55ad0000 - 0x00007ffb55b6e000 	C:\WINDOWS\System32\msvcp_win.dll
0x00007ffb54d50000 - 0x00007ffb54e4a000 	C:\WINDOWS\System32\ucrtbase.dll
0x00007ffb402c0000 - 0x00007ffb40544000 	C:\WINDOWS\WinSxS\amd64_microsoft.windows.common-controls_6595b64144ccf1df_6.0.18362.1082_none_9e8193e1e45b25c1\COMCTL32.dll
0x00007ffb565b0000 - 0x00007ffb568e5000 	C:\WINDOWS\System32\combase.dll
0x00007ffb54c70000 - 0x00007ffb54cf0000 	C:\WINDOWS\System32\bcryptPrimitives.dll
0x00007ffb56d10000 - 0x00007ffb56d3e000 	C:\WINDOWS\System32\IMM32.DLL
0x0000000052b50000 - 0x0000000052c22000 	D:\Program Files\Android\Android Studio\jre\jre\bin\msvcr100.dll
0x0000000051e00000 - 0x000000005264b000 	D:\Program Files\Android\Android Studio\jre\jre\bin\server\jvm.dll
0x00007ffb56990000 - 0x00007ffb56998000 	C:\WINDOWS\System32\PSAPI.DLL
0x00007ffb512b0000 - 0x00007ffb512d4000 	C:\WINDOWS\SYSTEM32\WINMM.dll
0x00007ffb47210000 - 0x00007ffb4721a000 	C:\WINDOWS\SYSTEM32\VERSION.dll
0x00007ffb34960000 - 0x00007ffb34969000 	C:\WINDOWS\SYSTEM32\WSOCK32.dll
0x00007ffb51280000 - 0x00007ffb512ad000 	C:\WINDOWS\SYSTEM32\WINMMBASE.dll
0x00007ffb55ce0000 - 0x00007ffb55d2a000 	C:\WINDOWS\System32\cfgmgr32.dll
0x00007ffb57b40000 - 0x00007ffb57baf000 	C:\WINDOWS\System32\WS2_32.dll
0x00007ffb46e00000 - 0x00007ffb46e0f000 	D:\Program Files\Android\Android Studio\jre\jre\bin\verify.dll
0x00007ffb1ca90000 - 0x00007ffb1cab9000 	D:\Program Files\Android\Android Studio\jre\jre\bin\java.dll
0x00007ffb35950000 - 0x00007ffb35966000 	D:\Program Files\Android\Android Studio\jre\jre\bin\zip.dll
0x00007ffb57210000 - 0x00007ffb578f7000 	C:\WINDOWS\System32\SHELL32.dll
0x00007ffb57a90000 - 0x00007ffb57b39000 	C:\WINDOWS\System32\shcore.dll
0x00007ffb550a0000 - 0x00007ffb55820000 	C:\WINDOWS\System32\windows.storage.dll
0x00007ffb54c40000 - 0x00007ffb54c63000 	C:\WINDOWS\System32\profapi.dll
0x00007ffb54bd0000 - 0x00007ffb54c1a000 	C:\WINDOWS\System32\powrprof.dll
0x00007ffb54ba0000 - 0x00007ffb54bb0000 	C:\WINDOWS\System32\UMPDC.dll
0x00007ffb57a30000 - 0x00007ffb57a82000 	C:\WINDOWS\System32\shlwapi.dll
0x00007ffb54bb0000 - 0x00007ffb54bc1000 	C:\WINDOWS\System32\kernel.appcore.dll
0x00007ffb55cc0000 - 0x00007ffb55cd7000 	C:\WINDOWS\System32\cryptsp.dll
0x00007ffb2a2a0000 - 0x00007ffb2a2ba000 	D:\Program Files\Android\Android Studio\jre\jre\bin\net.dll
0x00007ffb543f0000 - 0x00007ffb54457000 	C:\WINDOWS\system32\mswsock.dll
0x00007ffb23a90000 - 0x00007ffb23aa3000 	D:\Program Files\Android\Android Studio\jre\jre\bin\nio.dll
0x00007ffb1a940000 - 0x00007ffb1a966000 	C:\Users\Rain\.gradle\native\31\windows-amd64\native-platform.dll
0x00007ffb46df0000 - 0x00007ffb46dfd000 	D:\Program Files\Android\Android Studio\jre\jre\bin\management.dll
0x00007ffb53f00000 - 0x00007ffb53f33000 	C:\WINDOWS\system32\rsaenh.dll
0x00007ffb55d60000 - 0x00007ffb55d86000 	C:\WINDOWS\System32\bcrypt.dll
0x00007ffb54ac0000 - 0x00007ffb54ae5000 	C:\WINDOWS\SYSTEM32\USERENV.dll
0x00007ffb545c0000 - 0x00007ffb545cc000 	C:\WINDOWS\SYSTEM32\CRYPTBASE.dll
0x00007ffb54100000 - 0x00007ffb5413a000 	C:\WINDOWS\SYSTEM32\IPHLPAPI.DLL
0x00007ffb564c0000 - 0x00007ffb564c8000 	C:\WINDOWS\System32\NSI.dll
0x00007ffb4a1d0000 - 0x00007ffb4a1e6000 	C:\WINDOWS\SYSTEM32\dhcpcsvc6.DLL
0x00007ffb4a080000 - 0x00007ffb4a09c000 	C:\WINDOWS\SYSTEM32\dhcpcsvc.DLL
0x00007ffb54140000 - 0x00007ffb5420b000 	C:\WINDOWS\SYSTEM32\DNSAPI.dll

VM Arguments:
jvm_args: -Xmx2048m -Dfile.encoding=GBK -Duser.country=CN -Duser.language=zh -Duser.variant 
java_command: org.gradle.launcher.daemon.bootstrap.GradleDaemon 6.1.1
java_class_path (initial): C:\Users\Rain\.gradle\wrapper\dists\gradle-6.1.1-all\cfmwm155h49vnt3hynmlrsdst\gradle-6.1.1\lib\gradle-launcher-6.1.1.jar
Launcher Type: SUN_STANDARD

Environment Variables:
JAVA_HOME=C:\Program Files\Java\jre1.8.0_251
PATH=C:\Program Files (x86)\Common Files\Intel\Shared Libraries\redist\intel64\compiler;C:\Program Files (x86)\Common Files\Oracle\Java\javapath;C:\ProgramData\Oracle\Java\javapath;C:\WINDOWS\system32;C:\WINDOWS;C:\WINDOWS\System32\Wbem;C:\WINDOWS\System32\WindowsPowerShell\v1.0\;C:\WINDOWS\System32\OpenSSH\;C:\Program Files\NVIDIA Corporation\NVIDIA NvDLISR;C:\Program Files (x86)\NVIDIA Corporation\PhysX\Common;C:\Program Files\MacType;C:\Program Files\Calibre2\;C:\Program Files\Common Files\Autodesk Shared\;C:\WINDOWS\system32;C:\WINDOWS;C:\WINDOWS\System32\Wbem;C:\WINDOWS\System32\WindowsPowerShell\v1.0\;C:\WINDOWS\System32\OpenSSH\;C:\Program Files (x86)\Microsoft SQL Server\120\DTS\Binn\;C:\Program Files (x86)\Microsoft SQL Server\Client SDK\ODBC\110\Tools\Binn\;C:\Program Files (x86)\Microsoft SQL Server\120\Tools\Binn\;C:\Program Files (x86)\Microsoft SQL Server\120\Tools\Binn\ManagementStudio\;C:\Program Files\Java\jdk-12.0.2\bin;C:\Program Files (x86)\Rational\common;D:\mysql-5.7.19-winx64\bin;D:\Program Files (x86)\MATLAB\R2016b\runtime\win64;D:\Program Files (x86)\MATLAB\R2016b\bin;D:\Program Files (x86)\MATLAB\R2016b\polyspace\bin;D:\Program Files\Git\cmd;C:\Users\Rain\AppData\Local\Programs\Python\Python38\Scripts\;C:\Users\Rain\AppData\Local\Programs\Python\Python38\;C:\Users\Rain\AppData\Local\Microsoft\WindowsApps;C:\Program Files\Bandizip\;D:\mysql-5.7.29-winx64\bin;;D:\Program Files\JetBrains\PyCharm 2020.1.4\bin;
USERNAME=Rain
OS=Windows_NT
PROCESSOR_IDENTIFIER=Intel64 Family 6 Model 158 Stepping 9, GenuineIntel



---------------  S Y S T E M  ---------------

OS: Windows 10.0 , 64 bit Build 18362 (10.0.18362.1082)

CPU:total 4 (initial active 4) (4 cores per cpu, 1 threads per core) family 6 model 158 stepping 9, cmov, cx8, fxsr, mmx, sse, sse2, sse3, ssse3, sse4.1, sse4.2, popcnt, avx, avx2, aes, clmul, erms, 3dnowpref, lzcnt, tsc, tscinvbit, bmi1, bmi2, adx

Memory: 4k page, physical 8251860k(263420k free), swap 13852796k(3556k free)

vm_info: OpenJDK 64-Bit Server VM (25.242-b01) for windows-amd64 JRE (1.8.0_242-release-1644-b01), built by "builder" with MS VC++ 10.0 (VS2010)

time: Fri Oct 09 21:38:19 2020
timezone: 中国标准时间
elapsed time: 80 seconds (0d 0h 1m 20s)

